<?xml version="1.0" encoding="UTF-8"?>
<!-- Generated by org.testng.reporters.JUnitXMLReporter -->
<testsuite ignored="0" hostname="DESKTOP-BNLDEMC" failures="1" tests="3" name="Naukri Tests" time="98.527" errors="0" timestamp="2024-09-13T19:39:38 IST">
  <testcase classname="com.tests.NaukriTests" name="updatedResumeInNaukri" time="1.902">
    <failure type="org.openqa.selenium.InvalidArgumentException" message="invalid argument: File not found : D:\Eclipse WorkPlace\practice\Documents\Shanmuka_QA_Automation_Sep2024.pdf
  (Session info: chrome=128.0.6613.138)
Build info: version: &amp;apos;4.23.0&amp;apos;, revision: &amp;apos;4df0a231af&amp;apos;
System info: os.name: &amp;apos;Windows 10&amp;apos;, os.arch: &amp;apos;amd64&amp;apos;, os.version: &amp;apos;10.0&amp;apos;, java.version: &amp;apos;22.0.1&amp;apos;
Driver info: org.openqa.selenium.chrome.ChromeDriver
Command: [346a1251f7a9f86efcab416e42df31d2, sendKeysToElement {id=f.6571ADD63F8A21BF19C170AD06110777.d.B278BEA79C3F16662FC1FDB2F50018F1.e.181, value=[Ljava.lang.CharSequence;@7d199c68}]
Capabilities {acceptInsecureCerts: false, browserName: chrome, browserVersion: 128.0.6613.138, chrome: {chromedriverVersion: 128.0.6613.137 (fe621c5aa2d..., userDataDir: C:\Users\LENOVO\AppData\Loc...}, fedcm:accounts: true, goog:chromeOptions: {debuggerAddress: localhost:54875}, networkConnectionEnabled: false, pageLoadStrategy: normal, platformName: windows, proxy: Proxy(), se:cdp: ws://localhost:54875/devtoo..., se:cdpVersion: 128.0.6613.138, setWindowRect: true, strictFileInteractability: false, timeouts: {implicit: 0, pageLoad: 300000, script: 30000}, unhandledPromptBehavior: dismiss and notify, webauthn:extension:credBlob: true, webauthn:extension:largeBlob: true, webauthn:extension:minPinLength: true, webauthn:extension:prf: true, webauthn:virtualAuthenticators: true}
Element: [[ChromeDriver: chrome on windows (346a1251f7a9f86efcab416e42df31d2)] -&amp;gt; xpath: //input[@type=&amp;apos;file&amp;apos;][@id=&amp;apos;attachCV&amp;apos;]]
Session ID: 346a1251f7a9f86efcab416e42df31d2">
      <![CDATA[org.openqa.selenium.InvalidArgumentException: invalid argument: File not found : D:\Eclipse WorkPlace\practice\Documents\Shanmuka_QA_Automation_Sep2024.pdf
  (Session info: chrome=128.0.6613.138)
Build info: version: '4.23.0', revision: '4df0a231af'
System info: os.name: 'Windows 10', os.arch: 'amd64', os.version: '10.0', java.version: '22.0.1'
Driver info: org.openqa.selenium.chrome.ChromeDriver
Command: [346a1251f7a9f86efcab416e42df31d2, sendKeysToElement {id=f.6571ADD63F8A21BF19C170AD06110777.d.B278BEA79C3F16662FC1FDB2F50018F1.e.181, value=[Ljava.lang.CharSequence;@7d199c68}]
Capabilities {acceptInsecureCerts: false, browserName: chrome, browserVersion: 128.0.6613.138, chrome: {chromedriverVersion: 128.0.6613.137 (fe621c5aa2d..., userDataDir: C:\Users\LENOVO\AppData\Loc...}, fedcm:accounts: true, goog:chromeOptions: {debuggerAddress: localhost:54875}, networkConnectionEnabled: false, pageLoadStrategy: normal, platformName: windows, proxy: Proxy(), se:cdp: ws://localhost:54875/devtoo..., se:cdpVersion: 128.0.6613.138, setWindowRect: true, strictFileInteractability: false, timeouts: {implicit: 0, pageLoad: 300000, script: 30000}, unhandledPromptBehavior: dismiss and notify, webauthn:extension:credBlob: true, webauthn:extension:largeBlob: true, webauthn:extension:minPinLength: true, webauthn:extension:prf: true, webauthn:virtualAuthenticators: true}
Element: [[ChromeDriver: chrome on windows (346a1251f7a9f86efcab416e42df31d2)] -> xpath: //input[@type='file'][@id='attachCV']]
Session ID: 346a1251f7a9f86efcab416e42df31d2
at org.openqa.selenium.remote.ErrorCodec.decode(ErrorCodec.java:167)
at org.openqa.selenium.remote.codec.w3c.W3CHttpResponseCodec.decode(W3CHttpResponseCodec.java:138)
at org.openqa.selenium.remote.codec.w3c.W3CHttpResponseCodec.decode(W3CHttpResponseCodec.java:50)
at org.openqa.selenium.remote.HttpCommandExecutor.execute(HttpCommandExecutor.java:190)
at org.openqa.selenium.remote.service.DriverCommandExecutor.invokeExecute(DriverCommandExecutor.java:216)
at org.openqa.selenium.remote.service.DriverCommandExecutor.execute(DriverCommandExecutor.java:174)
at org.openqa.selenium.remote.RemoteWebDriver.execute(RemoteWebDriver.java:527)
at org.openqa.selenium.remote.RemoteWebElement.execute(RemoteWebElement.java:223)
at org.openqa.selenium.remote.RemoteWebElement.sendKeys(RemoteWebElement.java:110)
at org.openqa.selenium.support.pagefactory.internal.LocatingElementHandler.invoke(LocatingElementHandler.java:51)
at jdk.proxy2/jdk.proxy2.$Proxy16.sendKeys(Unknown Source)
at com.page.objects.ProfilePage.updateResume(ProfilePage.java:55)
at com.tests.NaukriTests.updatedResumeInNaukri(NaukriTests.java:64)
at java.base/java.util.ArrayList.forEach(ArrayList.java:1597)
... Removed 34 stack frames]]>
    </failure>
  </testcase> <!-- updatedResumeInNaukri -->
  <testcase classname="com.tests.NaukriTests" name="updateResumeHeadLine" time="4.286"/>
  <testcase classname="com.tests.NaukriTests" name="applyForRecommenedJobs" time="19.168"/>
</testsuite> <!-- Naukri Tests -->
